WARNING:root:Unimplemented method
DEBUG:root:start
DEBUG:root:score2
DEBUG:root:score2
DEBUG:root:score2
DEBUG:root:score2
DEBUG:root:score2
DEBUG:root:score1
DEBUG:root:cancel
WARNING:root:Unimplemented method
DEBUG:root:exit
WARNING:root:Unimplemented method
DEBUG:root:start
DEBUG:root:score2
DEBUG:root:score2
DEBUG:root:score2
DEBUG:root:score2
DEBUG:root:score2
DEBUG:root:score2
DEBUG:root:score2
DEBUG:root:score1
DEBUG:root:score1
DEBUG:root:score1
DEBUG:root:score1
DEBUG:root:cancel
WARNING:root:Unimplemented method
DEBUG:root:exit
